
**** Build of configuration Nios II for project SM4_V1 ****

make all 
      2 [main] sh 17816 find_fast_cwd: WARNING: Couldn't compute FAST_CWD pointer.  Please report this problem to
the public mailing list cygwin@cygwin.com
      2 [main] sh 18308 find_fast_cwd: WARNING: Couldn't compute FAST_CWD pointer.  Please report this problem to
the public mailing list cygwin@cygwin.com
      2 [main] echo 5020 find_fast_cwd: WARNING: Couldn't compute FAST_CWD pointer.  Please report this problem to
Info: Building ../SM4_V1_bsp/
the public mailing list cygwin@cygwin.com
make --no-print-directory -C ../SM4_V1_bsp/
      2 [main] pwd 6156 find_fast_cwd: WARNING: Couldn't compute FAST_CWD pointer.  Please report this problem to
the public mailing list cygwin@cygwin.com
      2 [main] sh 14756 find_fast_cwd: WARNING: Couldn't compute FAST_CWD pointer.  Please report this problem to
the public mailing list cygwin@cygwin.com
      2 [main] sh 14308 find_fast_cwd: WARNING: Couldn't compute FAST_CWD pointer.  Please report this problem to
the public mailing list cygwin@cygwin.com
[BSP build complete]
      2 [main] true 17328 find_fast_cwd: WARNING: Couldn't compute FAST_CWD pointer.  Please report this problem to
the public mailing list cygwin@cygwin.com
      2 [main] sh 9644 find_fast_cwd: WARNING: Couldn't compute FAST_CWD pointer.  Please report this problem to
the public mailing list cygwin@cygwin.com
[SM4_V1 build complete]

**** Build Finished ****

**** Build of configuration Nios II for project SM4_V1 ****

make all 
      2 [main] sh 2604 find_fast_cwd: WARNING: Couldn't compute FAST_CWD pointer.  Please report this problem to
the public mailing list cygwin@cygwin.com
      2 [main] sh 17752 find_fast_cwd: WARNING: Couldn't compute FAST_CWD pointer.  Please report this problem to
the public mailing list cygwin@cygwin.com
      2 [main] echo 2816 find_fast_cwd: WARNING: Couldn't compute FAST_CWD pointer.  Please report this problem to
Info: Building ../SM4_V1_bsp/
the public mailing list cygwin@cygwin.com
make --no-print-directory -C ../SM4_V1_bsp/
      2 [main] pwd 3296 find_fast_cwd: WARNING: Couldn't compute FAST_CWD pointer.  Please report this problem to
the public mailing list cygwin@cygwin.com
      2 [main] sh 13432 find_fast_cwd: WARNING: Couldn't compute FAST_CWD pointer.  Please report this problem to
the public mailing list cygwin@cygwin.com
      2 [main] sh 8844 find_fast_cwd: WARNING: Couldn't compute FAST_CWD pointer.  Please report this problem to
the public mailing list cygwin@cygwin.com
[BSP build complete]
      2 [main] true 18580 find_fast_cwd: WARNING: Couldn't compute FAST_CWD pointer.  Please report this problem to
the public mailing list cygwin@cygwin.com
      2 [main] sh 14708 find_fast_cwd: WARNING: Couldn't compute FAST_CWD pointer.  Please report this problem to
the public mailing list cygwin@cygwin.com
[SM4_V1 build complete]

**** Build Finished ****

**** Build of configuration Nios II for project SM4_V1 ****

make all 
      2 [main] sh 2264 find_fast_cwd: WARNING: Couldn't compute FAST_CWD pointer.  Please report this problem to
the public mailing list cygwin@cygwin.com
      2 [main] sh 6600 find_fast_cwd: WARNING: Couldn't compute FAST_CWD pointer.  Please report this problem to
the public mailing list cygwin@cygwin.com
      2 [main] echo 20476 find_fast_cwd: WARNING: Couldn't compute FAST_CWD pointer.  Please report this problem to
Info: Building ../SM4_V1_bsp/
the public mailing list cygwin@cygwin.com
make --no-print-directory -C ../SM4_V1_bsp/
      2 [main] pwd 4352 find_fast_cwd: WARNING: Couldn't compute FAST_CWD pointer.  Please report this problem to
the public mailing list cygwin@cygwin.com
      2 [main] sh 5224 find_fast_cwd: WARNING: Couldn't compute FAST_CWD pointer.  Please report this problem to
the public mailing list cygwin@cygwin.com
      2 [main] sh 8472 find_fast_cwd: WARNING: Couldn't compute FAST_CWD pointer.  Please report this problem to
the public mailing list cygwin@cygwin.com
[BSP build complete]
      2 [main] true 1956 find_fast_cwd: WARNING: Couldn't compute FAST_CWD pointer.  Please report this problem to
the public mailing list cygwin@cygwin.com
      2 [main] sh 7640 find_fast_cwd: WARNING: Couldn't compute FAST_CWD pointer.  Please report this problem to
the public mailing list cygwin@cygwin.com
[SM4_V1 build complete]

**** Build Finished ****
